<?xml version="1.0" encoding="UTF-8"?>
<!-- Generated by org.testng.reporters.JUnitReportReporter -->
<testsuite skipped="0" hostname="Venkats-MacBook-Air.local" name="CurdOperations.GETspecificIDTest" tests="1" failures="0" timestamp="26 Aug 2019 05:29:37 GMT" time="2.058" errors="0">
  <testcase name="f" time="2.058" classname="CurdOperations.GETspecificIDTest"/>
</testsuite> <!-- CurdOperations.GETspecificIDTest -->
