<?xml version="1.0" encoding="UTF-8"?>
<!-- Generated by org.testng.reporters.JUnitReportReporter -->
<testsuite skipped="0" hostname="Venkats-MacBook-Air.local" name="Module_14_MockAPI.mockAPITest" tests="1" failures="0" timestamp="02 Sep 2019 13:14:26 GMT" time="2.579" errors="0">
  <testcase name="f" time="2.579" classname="Module_14_MockAPI.mockAPITest"/>
</testsuite> <!-- Module_14_MockAPI.mockAPITest -->
