<?xml version="1.0" encoding="UTF-8"?>
<!-- Generated by org.testng.reporters.JUnitReportReporter -->
<testsuite skipped="0" hostname="Venkats-MacBook-Air.local" name="CurdOperations.POSTReqTest" tests="1" failures="0" timestamp="26 Aug 2019 02:08:21 GMT" time="3.106" errors="0">
  <testcase name="f" time="3.106" classname="CurdOperations.POSTReqTest"/>
</testsuite> <!-- CurdOperations.POSTReqTest -->
