<?xml version="1.0" encoding="UTF-8"?>
<!-- Generated by org.testng.reporters.JUnitReportReporter -->
<testsuite skipped="0" hostname="Venkats-MacBook-Air.local" name="Module14_ExtractRespJSON.BetterWayExtractTest" tests="1" failures="0" timestamp="01 Sep 2019 04:50:59 GMT" time="3.027" errors="0">
  <testcase name="f" time="3.027" classname="Module14_ExtractRespJSON.BetterWayExtractTest"/>
</testsuite> <!-- Module14_ExtractRespJSON.BetterWayExtractTest -->
