<?xml version="1.0" encoding="UTF-8"?>
<!-- Generated by org.testng.reporters.JUnitReportReporter -->
<testsuite skipped="0" hostname="Venkats-MacBook-Air.local" name="RestAssured_Basics.GetAllStudentsTestBetter" tests="1" failures="0" timestamp="25 Aug 2019 11:28:12 GMT" time="2.145" errors="0">
  <testcase name="f" time="2.145" classname="RestAssured_Basics.GetAllStudentsTestBetter"/>
</testsuite> <!-- RestAssured_Basics.GetAllStudentsTestBetter -->
