<?xml version="1.0" encoding="UTF-8"?>
<!-- Generated by org.testng.reporters.JUnitReportReporter -->
<testsuite skipped="0" hostname="Venkats-MacBook-Air.local" name="Module14_ExtractRespJSON.ExtractionExampTest" tests="1" failures="0" timestamp="31 Aug 2019 15:50:51 GMT" time="2.509" errors="0">
  <testcase name="getStudentInfo" time="2.509" classname="Module14_ExtractRespJSON.ExtractionExampTest"/>
</testsuite> <!-- Module14_ExtractRespJSON.ExtractionExampTest -->
