<?xml version="1.0" encoding="UTF-8"?>
<!-- Generated by org.testng.reporters.JUnitReportReporter -->
<testsuite skipped="0" hostname="Venkats-MacBook-Air.local" name="LoginMethods.LoggingMethods" tests="1" failures="0" timestamp="30 Aug 2019 02:23:16 GMT" time="3.143" errors="0">
  <testcase name="f" time="3.143" classname="LoginMethods.LoggingMethods"/>
</testsuite> <!-- LoginMethods.LoggingMethods -->
