<?xml version="1.0" encoding="UTF-8"?>
<!-- Generated by org.testng.reporters.JUnitReportReporter -->
<testsuite skipped="0" hostname="Venkats-MacBook-Air.local" name="RestAssured_Basics.GetAllStudentsTest" tests="1" failures="0" timestamp="25 Aug 2019 11:16:41 GMT" time="2.172" errors="0">
  <testcase name="f" time="2.172" classname="RestAssured_Basics.GetAllStudentsTest"/>
</testsuite> <!-- RestAssured_Basics.GetAllStudentsTest -->
