<?xml version="1.0" encoding="UTF-8"?>
<!-- Generated by org.testng.reporters.JUnitReportReporter -->
<testsuite skipped="0" hostname="Venkats-MacBook-Air.local" name="Module12_CurdOperations.GETReqTest" tests="1" failures="0" timestamp="02 Sep 2019 13:42:46 GMT" time="2.318" errors="0">
  <testcase name="f" time="2.318" classname="Module12_CurdOperations.GETReqTest"/>
</testsuite> <!-- Module12_CurdOperations.GETReqTest -->
