<?xml version="1.0" encoding="UTF-8"?>
<!-- Generated by org.testng.reporters.JUnitReportReporter -->
<testsuite skipped="0" hostname="Venkats-MacBook-Air.local" name="CurdOperations.PUTReqTest" tests="1" failures="0" timestamp="26 Aug 2019 05:24:02 GMT" time="1.994" errors="0">
  <testcase name="f" time="1.994" classname="CurdOperations.PUTReqTest"/>
</testsuite> <!-- CurdOperations.PUTReqTest -->
