<?xml version="1.0" encoding="UTF-8"?>
<!-- Generated by org.testng.reporters.JUnitReportReporter -->
<testsuite skipped="0" hostname="Venkats-MacBook-Air.local" name="CurdOperations.DELETEReqTest" tests="1" failures="0" timestamp="26 Aug 2019 05:29:06 GMT" time="1.912" errors="0">
  <testcase name="f" time="1.912" classname="CurdOperations.DELETEReqTest"/>
</testsuite> <!-- CurdOperations.DELETEReqTest -->
