<?xml version="1.0" encoding="UTF-8"?>
<!-- Generated by org.testng.reporters.JUnitReportReporter -->
<testsuite skipped="0" hostname="Venkats-MacBook-Air.local" name="CurdOperations.GetRequestTest" tests="1" failures="0" timestamp="25 Aug 2019 12:06:47 GMT" time="2.030" errors="0">
  <testcase name="f" time="2.030" classname="CurdOperations.GetRequestTest"/>
</testsuite> <!-- CurdOperations.GetRequestTest -->
