<?xml version="1.0" encoding="UTF-8"?>
<!-- Generated by org.testng.reporters.JUnitReportReporter -->
<testsuite skipped="0" hostname="Venkats-MacBook-Air.local" name="CreateJSONfilePOSTreq.CreateJSONTest" tests="1" failures="0" timestamp="31 Aug 2019 13:48:46 GMT" time="3.232" errors="0">
  <testcase name="testFiles" time="3.232" classname="CreateJSONfilePOSTreq.CreateJSONTest"/>
</testsuite> <!-- CreateJSONfilePOSTreq.CreateJSONTest -->
